<?xml version="1.0" encoding="UTF-8"?>
<testsuite name="parameterized.ParameterizedTests" tests="6" skipped="0" failures="0" errors="0" timestamp="2022-08-22T15:50:27" hostname="CAB-WSN-0033536" time="38.097">
  <properties/>
  <testcase name="checkHeaderTextTest(String, String)[1]" classname="parameterized.ParameterizedTests" time="14.303"/>
  <testcase name="checkHeaderTextTest(String, String)[2]" classname="parameterized.ParameterizedTests" time="4.406"/>
  <testcase name="checkMenuItemVisibleTest(String)[1]" classname="parameterized.ParameterizedTests" time="1.812"/>
  <testcase name="checkMenuItemVisibleTest(String)[2]" classname="parameterized.ParameterizedTests" time="1.642"/>
  <testcase name="checkMenuTest(String, List)[1]" classname="parameterized.ParameterizedTests" time="7.919"/>
  <testcase name="checkMenuTest(String, List)[2]" classname="parameterized.ParameterizedTests" time="8.001"/>
  <system-out><![CDATA[]]></system-out>
  <system-err><![CDATA[[Test worker] INFO com.codeborne.selenide.impl.WebDriverThreadLocalContainer - No webdriver is bound to current thread: 14 - let's create a new webdriver
[Test worker] INFO com.codeborne.selenide.impl.FileHelper - Creating folder: C:\Users\19057857\IdeaProjects\Homework7\build\downloads\1661183427426_1948_14
[Test worker] INFO io.github.bonigarcia.wdm.WebDriverManager - Using chromedriver 101.0.4951.41 (resolved driver for Chrome 101)
[Test worker] INFO io.github.bonigarcia.wdm.WebDriverManager - Exporting webdriver.chrome.driver as C:\Users\19057857\.cache\selenium\chromedriver\win32\101.0.4951.41\chromedriver.exe
[Test worker] INFO com.codeborne.selenide.webdriver.SelenideNettyClientFactory - Changed readTimeout from PT3M to PT1M30S
Starting ChromeDriver 101.0.4951.41 (93c720db8323b3ec10d056025ab95c23a31997c9-refs/branch-heads/4951@{#904}) on port 59806
Only local connections are allowed.
Please see https://chromedriver.chromium.org/security-considerations for suggestions on keeping ChromeDriver safe.
ChromeDriver was started successfully.
авг. 22, 2022 6:50:31 PM org.openqa.selenium.remote.ProtocolHandshake createSession
INFO: Detected upstream dialect: W3C
[Test worker] INFO com.codeborne.selenide.webdriver.SelenideNettyClientFactory - Changed readTimeout from PT3M to PT1M30S
[Test worker] INFO com.codeborne.selenide.webdriver.SelenideNettyClientFactory - Changed readTimeout from PT3M to PT1M30S
авг. 22, 2022 6:50:32 PM org.openqa.selenium.devtools.CdpVersionFinder findNearestMatch
INFO: Found exact CDP implementation for version 101
[Test worker] INFO com.codeborne.selenide.webdriver.BrowserResizer - Set browser size to 1366x768
[Test worker] INFO com.codeborne.selenide.webdriver.WebDriverFactory - BrowserName=chrome Version=101.0.4951.67 Platform=WINDOWS
[Test worker] INFO com.codeborne.selenide.webdriver.WebDriverFactory - Selenide v. 6.6.6
[Test worker] INFO com.codeborne.selenide.webdriver.WebDriverFactory - Selenium WebDriver v. 4.3.0 build revision: a4995e2c09*
[Test worker] INFO com.codeborne.selenide.drivercommands.CreateDriverCommand - Created webdriver in thread 14: ChromeDriver -> ChromeDriver: chrome on WINDOWS (876f81f8e548b6164d5e7cd603fd1d16)
]]></system-err>
</testsuite>
